CRITICAL - 2023-11-10 03:49:36 --> Invalid file: "components/header.php"
in SYSTEMPATH\Exceptions\FrameworkException.php on line 39.
 1 SYSTEMPATH\View\View.php(214): CodeIgniter\Exceptions\FrameworkException::forInvalidFile('components/header.php')
 2 SYSTEMPATH\View\View.php(467): CodeIgniter\View\View->render('components/header', null, true)
 3 APPPATH\Views\frontend.php(16): CodeIgniter\View\View->include('components/header')
 4 SYSTEMPATH\View\View.php(226): include('C:\\xampp8\\htdocs\\webchat\\app\\Views\\frontend.php')
 5 SYSTEMPATH\View\View.php(229): CodeIgniter\View\View->CodeIgniter\View\{closure}()
 6 SYSTEMPATH\Common.php(1188): CodeIgniter\View\View->render('frontend', [], true)
 7 APPPATH\Controllers\Home.php(11): view('frontend', [...])
 8 SYSTEMPATH\CodeIgniter.php(919): App\Controllers\Home->index()
 9 SYSTEMPATH\CodeIgniter.php(494): CodeIgniter\CodeIgniter->runController(Object(App\Controllers\Home))
10 SYSTEMPATH\CodeIgniter.php(353): CodeIgniter\CodeIgniter->handleRequest(null, Object(Config\Cache), false)
11 FCPATH\index.php(79): CodeIgniter\CodeIgniter->run()
CRITICAL - 2023-11-10 03:49:52 --> Invalid file: "components/header.php"
in SYSTEMPATH\Exceptions\FrameworkException.php on line 39.
 1 SYSTEMPATH\View\View.php(214): CodeIgniter\Exceptions\FrameworkException::forInvalidFile('components/header.php')
 2 SYSTEMPATH\View\View.php(467): CodeIgniter\View\View->render('components/header', null, true)
 3 APPPATH\Views\frontend.php(16): CodeIgniter\View\View->include('components/header')
 4 SYSTEMPATH\View\View.php(226): include('C:\\xampp8\\htdocs\\webchat\\app\\Views\\frontend.php')
 5 SYSTEMPATH\View\View.php(229): CodeIgniter\View\View->CodeIgniter\View\{closure}()
 6 SYSTEMPATH\Common.php(1188): CodeIgniter\View\View->render('frontend', [], true)
 7 APPPATH\Controllers\Home.php(11): view('frontend', [...])
 8 SYSTEMPATH\CodeIgniter.php(919): App\Controllers\Home->index()
 9 SYSTEMPATH\CodeIgniter.php(494): CodeIgniter\CodeIgniter->runController(Object(App\Controllers\Home))
10 SYSTEMPATH\CodeIgniter.php(353): CodeIgniter\CodeIgniter->handleRequest(null, Object(Config\Cache), false)
11 FCPATH\index.php(79): CodeIgniter\CodeIgniter->run()
CRITICAL - 2023-11-10 03:49:53 --> Invalid file: "components/header.php"
in SYSTEMPATH\Exceptions\FrameworkException.php on line 39.
 1 SYSTEMPATH\View\View.php(214): CodeIgniter\Exceptions\FrameworkException::forInvalidFile('components/header.php')
 2 SYSTEMPATH\View\View.php(467): CodeIgniter\View\View->render('components/header', null, true)
 3 APPPATH\Views\frontend.php(16): CodeIgniter\View\View->include('components/header')
 4 SYSTEMPATH\View\View.php(226): include('C:\\xampp8\\htdocs\\webchat\\app\\Views\\frontend.php')
 5 SYSTEMPATH\View\View.php(229): CodeIgniter\View\View->CodeIgniter\View\{closure}()
 6 SYSTEMPATH\Common.php(1188): CodeIgniter\View\View->render('frontend', [], true)
 7 APPPATH\Controllers\Home.php(11): view('frontend', [...])
 8 SYSTEMPATH\CodeIgniter.php(919): App\Controllers\Home->index()
 9 SYSTEMPATH\CodeIgniter.php(494): CodeIgniter\CodeIgniter->runController(Object(App\Controllers\Home))
10 SYSTEMPATH\CodeIgniter.php(353): CodeIgniter\CodeIgniter->handleRequest(null, Object(Config\Cache), false)
11 FCPATH\index.php(79): CodeIgniter\CodeIgniter->run()
CRITICAL - 2023-11-10 03:49:53 --> Invalid file: "components/header.php"
in SYSTEMPATH\Exceptions\FrameworkException.php on line 39.
 1 SYSTEMPATH\View\View.php(214): CodeIgniter\Exceptions\FrameworkException::forInvalidFile('components/header.php')
 2 SYSTEMPATH\View\View.php(467): CodeIgniter\View\View->render('components/header', null, true)
 3 APPPATH\Views\frontend.php(16): CodeIgniter\View\View->include('components/header')
 4 SYSTEMPATH\View\View.php(226): include('C:\\xampp8\\htdocs\\webchat\\app\\Views\\frontend.php')
 5 SYSTEMPATH\View\View.php(229): CodeIgniter\View\View->CodeIgniter\View\{closure}()
 6 SYSTEMPATH\Common.php(1188): CodeIgniter\View\View->render('frontend', [], true)
 7 APPPATH\Controllers\Home.php(11): view('frontend', [...])
 8 SYSTEMPATH\CodeIgniter.php(919): App\Controllers\Home->index()
 9 SYSTEMPATH\CodeIgniter.php(494): CodeIgniter\CodeIgniter->runController(Object(App\Controllers\Home))
10 SYSTEMPATH\CodeIgniter.php(353): CodeIgniter\CodeIgniter->handleRequest(null, Object(Config\Cache), false)
11 FCPATH\index.php(79): CodeIgniter\CodeIgniter->run()
CRITICAL - 2023-11-10 03:49:55 --> Invalid file: "components/header.php"
in SYSTEMPATH\Exceptions\FrameworkException.php on line 39.
 1 SYSTEMPATH\View\View.php(214): CodeIgniter\Exceptions\FrameworkException::forInvalidFile('components/header.php')
 2 SYSTEMPATH\View\View.php(467): CodeIgniter\View\View->render('components/header', null, true)
 3 APPPATH\Views\frontend.php(16): CodeIgniter\View\View->include('components/header')
 4 SYSTEMPATH\View\View.php(226): include('C:\\xampp8\\htdocs\\webchat\\app\\Views\\frontend.php')
 5 SYSTEMPATH\View\View.php(229): CodeIgniter\View\View->CodeIgniter\View\{closure}()
 6 SYSTEMPATH\Common.php(1188): CodeIgniter\View\View->render('frontend', [], true)
 7 APPPATH\Controllers\Home.php(11): view('frontend', [...])
 8 SYSTEMPATH\CodeIgniter.php(919): App\Controllers\Home->index()
 9 SYSTEMPATH\CodeIgniter.php(494): CodeIgniter\CodeIgniter->runController(Object(App\Controllers\Home))
10 SYSTEMPATH\CodeIgniter.php(353): CodeIgniter\CodeIgniter->handleRequest(null, Object(Config\Cache), false)
11 FCPATH\index.php(79): CodeIgniter\CodeIgniter->run()
CRITICAL - 2023-11-10 03:50:08 --> Invalid file: "components/header.php"
in SYSTEMPATH\Exceptions\FrameworkException.php on line 39.
 1 SYSTEMPATH\View\View.php(214): CodeIgniter\Exceptions\FrameworkException::forInvalidFile('components/header.php')
 2 SYSTEMPATH\View\View.php(467): CodeIgniter\View\View->render('components/header', null, true)
 3 APPPATH\Views\frontend.php(16): CodeIgniter\View\View->include('components/header')
 4 SYSTEMPATH\View\View.php(226): include('C:\\xampp8\\htdocs\\webchat\\app\\Views\\frontend.php')
 5 SYSTEMPATH\View\View.php(229): CodeIgniter\View\View->CodeIgniter\View\{closure}()
 6 SYSTEMPATH\Common.php(1188): CodeIgniter\View\View->render('frontend', [], true)
 7 APPPATH\Controllers\Home.php(11): view('frontend', [...])
 8 SYSTEMPATH\CodeIgniter.php(919): App\Controllers\Home->index()
 9 SYSTEMPATH\CodeIgniter.php(494): CodeIgniter\CodeIgniter->runController(Object(App\Controllers\Home))
10 SYSTEMPATH\CodeIgniter.php(353): CodeIgniter\CodeIgniter->handleRequest(null, Object(Config\Cache), false)
11 FCPATH\index.php(79): CodeIgniter\CodeIgniter->run()
CRITICAL - 2023-11-10 03:50:09 --> Invalid file: "components/header.php"
in SYSTEMPATH\Exceptions\FrameworkException.php on line 39.
 1 SYSTEMPATH\View\View.php(214): CodeIgniter\Exceptions\FrameworkException::forInvalidFile('components/header.php')
 2 SYSTEMPATH\View\View.php(467): CodeIgniter\View\View->render('components/header', null, true)
 3 APPPATH\Views\frontend.php(16): CodeIgniter\View\View->include('components/header')
 4 SYSTEMPATH\View\View.php(226): include('C:\\xampp8\\htdocs\\webchat\\app\\Views\\frontend.php')
 5 SYSTEMPATH\View\View.php(229): CodeIgniter\View\View->CodeIgniter\View\{closure}()
 6 SYSTEMPATH\Common.php(1188): CodeIgniter\View\View->render('frontend', [], true)
 7 APPPATH\Controllers\Home.php(11): view('frontend', [...])
 8 SYSTEMPATH\CodeIgniter.php(919): App\Controllers\Home->index()
 9 SYSTEMPATH\CodeIgniter.php(494): CodeIgniter\CodeIgniter->runController(Object(App\Controllers\Home))
10 SYSTEMPATH\CodeIgniter.php(353): CodeIgniter\CodeIgniter->handleRequest(null, Object(Config\Cache), false)
11 FCPATH\index.php(79): CodeIgniter\CodeIgniter->run()
CRITICAL - 2023-11-10 03:50:10 --> Invalid file: "components/header.php"
in SYSTEMPATH\Exceptions\FrameworkException.php on line 39.
 1 SYSTEMPATH\View\View.php(214): CodeIgniter\Exceptions\FrameworkException::forInvalidFile('components/header.php')
 2 SYSTEMPATH\View\View.php(467): CodeIgniter\View\View->render('components/header', null, true)
 3 APPPATH\Views\frontend.php(16): CodeIgniter\View\View->include('components/header')
 4 SYSTEMPATH\View\View.php(226): include('C:\\xampp8\\htdocs\\webchat\\app\\Views\\frontend.php')
 5 SYSTEMPATH\View\View.php(229): CodeIgniter\View\View->CodeIgniter\View\{closure}()
 6 SYSTEMPATH\Common.php(1188): CodeIgniter\View\View->render('frontend', [], true)
 7 APPPATH\Controllers\Home.php(11): view('frontend', [...])
 8 SYSTEMPATH\CodeIgniter.php(919): App\Controllers\Home->index()
 9 SYSTEMPATH\CodeIgniter.php(494): CodeIgniter\CodeIgniter->runController(Object(App\Controllers\Home))
10 SYSTEMPATH\CodeIgniter.php(353): CodeIgniter\CodeIgniter->handleRequest(null, Object(Config\Cache), false)
11 FCPATH\index.php(79): CodeIgniter\CodeIgniter->run()
CRITICAL - 2023-11-10 03:54:25 --> Call to undefined function App\Controllers\Backend\script_tag()
in APPPATH\Controllers\Backend\User.php on line 13.
 1 SYSTEMPATH\CodeIgniter.php(919): App\Controllers\Backend\User->index()
 2 SYSTEMPATH\CodeIgniter.php(494): CodeIgniter\CodeIgniter->runController(Object(App\Controllers\Backend\User))
 3 SYSTEMPATH\CodeIgniter.php(353): CodeIgniter\CodeIgniter->handleRequest(null, Object(Config\Cache), false)
 4 FCPATH\index.php(79): CodeIgniter\CodeIgniter->run()
CRITICAL - 2023-11-10 03:56:37 --> Call to undefined function App\Controllers\Backend\script_tag()
in APPPATH\Controllers\Backend\User.php on line 13.
 1 SYSTEMPATH\CodeIgniter.php(919): App\Controllers\Backend\User->index()
 2 SYSTEMPATH\CodeIgniter.php(494): CodeIgniter\CodeIgniter->runController(Object(App\Controllers\Backend\User))
 3 SYSTEMPATH\CodeIgniter.php(353): CodeIgniter\CodeIgniter->handleRequest(null, Object(Config\Cache), false)
 4 FCPATH\index.php(79): CodeIgniter\CodeIgniter->run()
CRITICAL - 2023-11-10 03:56:38 --> Call to undefined function App\Controllers\Backend\script_tag()
in APPPATH\Controllers\Backend\User.php on line 13.
 1 SYSTEMPATH\CodeIgniter.php(919): App\Controllers\Backend\User->index()
 2 SYSTEMPATH\CodeIgniter.php(494): CodeIgniter\CodeIgniter->runController(Object(App\Controllers\Backend\User))
 3 SYSTEMPATH\CodeIgniter.php(353): CodeIgniter\CodeIgniter->handleRequest(null, Object(Config\Cache), false)
 4 FCPATH\index.php(79): CodeIgniter\CodeIgniter->run()
